<?xml version="1.0" encoding="UTF-8"?>
<!-- Generated by org.testng.reporters.JUnitXMLReporter -->
<testsuite ignored="0" hostname="UTS-KOMAL" failures="0" tests="3" name="Default test" time="0.323" errors="0" timestamp="2022-04-08T17:58:59 IST">
  <testcase classname="Selenium.DataProviderClass" name="DataProviderMethod" time="0.031"/>
  <testcase classname="Selenium.DataProviderClass" name="DataProviderMethod" time="0.007"/>
  <testcase classname="Selenium.DataProviderClass" name="DataProviderMethod" time="0.005"/>
</testsuite> <!-- Default test -->
