<?xml version="1.0" encoding="UTF-8"?>
<testng-results ignored="0" total="3" passed="3" failed="0" skipped="0">
  <reporter-output>
  </reporter-output>
  <suite started-at="2022-04-08T17:58:59 IST" name="Default suite" finished-at="2022-04-08T17:58:59 IST" duration-ms="323">
    <groups>
    </groups>
    <test started-at="2022-04-08T17:58:59 IST" name="Default test" finished-at="2022-04-08T17:58:59 IST" duration-ms="323">
      <class name="Selenium.DataProviderClass">
        <test-method signature="DataProviderMethod(java.lang.String,java.lang.String)[pri:0, instance:Selenium.DataProviderClass@2beee7ff]" started-at="2022-04-08T17:58:59 IST" name="DataProviderMethod" data-provider="getdata" finished-at="2022-04-08T17:58:59 IST" duration-ms="31" status="PASS">
          <params>
            <param index="0">
              <value>
                <![CDATA[FirstUser]]>
              </value>
            </param>
            <param index="1">
              <value>
                <![CDATA[FirstPass]]>
              </value>
            </param>
          </params>
          <reporter-output>
          </reporter-output>
        </test-method> <!-- DataProviderMethod -->
        <test-method signature="DataProviderMethod(java.lang.String,java.lang.String)[pri:0, instance:Selenium.DataProviderClass@2beee7ff]" started-at="2022-04-08T17:58:59 IST" name="DataProviderMethod" data-provider="getdata" finished-at="2022-04-08T17:58:59 IST" duration-ms="7" status="PASS">
          <params>
            <param index="0">
              <value>
                <![CDATA[SecondUser]]>
              </value>
            </param>
            <param index="1">
              <value>
                <![CDATA[SecondPass]]>
              </value>
            </param>
          </params>
          <reporter-output>
          </reporter-output>
        </test-method> <!-- DataProviderMethod -->
        <test-method signature="DataProviderMethod(java.lang.String,java.lang.String)[pri:0, instance:Selenium.DataProviderClass@2beee7ff]" started-at="2022-04-08T17:58:59 IST" name="DataProviderMethod" data-provider="getdata" finished-at="2022-04-08T17:58:59 IST" duration-ms="5" status="PASS">
          <params>
            <param index="0">
              <value>
                <![CDATA[ThirdUser]]>
              </value>
            </param>
            <param index="1">
              <value>
                <![CDATA[ThirdPass]]>
              </value>
            </param>
          </params>
          <reporter-output>
          </reporter-output>
        </test-method> <!-- DataProviderMethod -->
      </class> <!-- Selenium.DataProviderClass -->
    </test> <!-- Default test -->
  </suite> <!-- Default suite -->
</testng-results>
